0 info it worked if it ends with ok
1 verbose cli [ '/usr/local/bin/node',
1 verbose cli   '/usr/local/bin/npm',
1 verbose cli   'install',
1 verbose cli   'leaflet-ajax' ]
2 info using npm@1.3.2
3 info using node@v0.10.13
4 verbose readDependencies using package.json deps
5 verbose cache add [ 'leaflet-ajax', null ]
6 verbose cache add name=undefined spec="leaflet-ajax" args=["leaflet-ajax",null]
7 verbose parsed url { protocol: null,
7 verbose parsed url   slashes: null,
7 verbose parsed url   auth: null,
7 verbose parsed url   host: null,
7 verbose parsed url   port: null,
7 verbose parsed url   hostname: null,
7 verbose parsed url   hash: null,
7 verbose parsed url   search: null,
7 verbose parsed url   query: null,
7 verbose parsed url   pathname: 'leaflet-ajax',
7 verbose parsed url   path: 'leaflet-ajax',
7 verbose parsed url   href: 'leaflet-ajax' }
8 silly lockFile 224f90dd-leaflet-ajax leaflet-ajax
9 verbose lock leaflet-ajax /home/gus/.npm/224f90dd-leaflet-ajax.lock
10 silly lockFile 224f90dd-leaflet-ajax leaflet-ajax
11 silly lockFile 224f90dd-leaflet-ajax leaflet-ajax
12 verbose addNamed [ 'leaflet-ajax', '' ]
13 verbose addNamed [ null, '*' ]
14 silly lockFile 2db045ab-leaflet-ajax leaflet-ajax@
15 verbose lock leaflet-ajax@ /home/gus/.npm/2db045ab-leaflet-ajax.lock
16 silly addNameRange { name: 'leaflet-ajax', range: '*', hasData: false }
17 verbose url raw leaflet-ajax
18 verbose url resolving [ 'https://registry.npmjs.org/', './leaflet-ajax' ]
19 verbose url resolved https://registry.npmjs.org/leaflet-ajax
20 info trying registry request attempt 1 at 17:55:18
21 http GET https://registry.npmjs.org/leaflet-ajax
22 http 404 https://registry.npmjs.org/leaflet-ajax
23 silly registry.get cb [ 404,
23 silly registry.get   { date: 'Tue, 03 Feb 2015 16:55:17 GMT',
23 silly registry.get     server: 'CouchDB/1.5.0 (Erlang OTP/R16B03)',
23 silly registry.get     'content-type': 'application/json',
23 silly registry.get     'cache-control': 'max-age=0',
23 silly registry.get     'content-length': '52',
23 silly registry.get     'accept-ranges': 'bytes',
23 silly registry.get     via: '1.1 varnish',
23 silly registry.get     age: '0',
23 silly registry.get     'x-served-by': 'cache-fra1247-FRA',
23 silly registry.get     'x-cache': 'MISS',
23 silly registry.get     'x-cache-hits': '0',
23 silly registry.get     'x-timer': 'S1422982517.445405,VS0,VE103',
23 silly registry.get     'keep-alive': 'timeout=10, max=50',
23 silly registry.get     connection: 'Keep-Alive' } ]
24 silly lockFile 2db045ab-leaflet-ajax leaflet-ajax@
25 silly lockFile 2db045ab-leaflet-ajax leaflet-ajax@
26 error 404 'leaflet-ajax' is not in the npm registry.
26 error 404 You should bug the author to publish it
26 error 404
26 error 404 Note that you can also install from a
26 error 404 tarball, folder, or http url, or git url.
27 error System Linux 3.13.0-44-generic
28 error command "/usr/local/bin/node" "/usr/local/bin/npm" "install" "leaflet-ajax"
29 error cwd /home/gus/Documents/expressapp
30 error node -v v0.10.13
31 error npm -v 1.3.2
32 error code E404
33 verbose exit [ 1, true ]
